  [1m[35m (491.2ms)[0m  [1m[35mCREATE DATABASE "guesto_development" ENCODING = 'unicode'[0m
  [1m[35m (344.6ms)[0m  [1m[35mCREATE DATABASE "guesto_test" ENCODING = 'unicode'[0m
  [1m[35mSQL (12.6ms)[0m  [1m[35mCREATE EXTENSION IF NOT EXISTS "plpgsql"[0m
  [1m[35m (0.5ms)[0m  [1m[35mDROP TABLE IF EXISTS "greetings" CASCADE[0m
  [1m[35m (35.9ms)[0m  [1m[35mCREATE TABLE "greetings" ("id" bigserial primary key, "name" character varying, "message" text, "created_at" timestamp(6) NOT NULL, "updated_at" timestamp(6) NOT NULL)[0m
  [1m[35m (14.6ms)[0m  [1m[35mCREATE TABLE "schema_migrations" ("version" character varying NOT NULL PRIMARY KEY)[0m
  [1m[35m (0.6ms)[0m  [1m[34mSELECT "schema_migrations"."version" FROM "schema_migrations" ORDER BY "schema_migrations"."version" ASC[0m
  [1m[35m (3.1ms)[0m  [1m[32mINSERT INTO "schema_migrations" (version) VALUES (20200215071910)[0m
  [1m[35m (14.2ms)[0m  [1m[35mCREATE TABLE "ar_internal_metadata" ("key" character varying NOT NULL PRIMARY KEY, "value" character varying, "created_at" timestamp(6) NOT NULL, "updated_at" timestamp(6) NOT NULL)[0m
  [1m[36mActiveRecord::InternalMetadata Load (0.4ms)[0m  [1m[34mSELECT "ar_internal_metadata".* FROM "ar_internal_metadata" WHERE "ar_internal_metadata"."key" = $1 LIMIT $2[0m  [["key", "environment"], ["LIMIT", 1]]
  [1m[35m (0.1ms)[0m  [1m[35mBEGIN[0m
  [1m[36mActiveRecord::InternalMetadata Create (0.4ms)[0m  [1m[32mINSERT INTO "ar_internal_metadata" ("key", "value", "created_at", "updated_at") VALUES ($1, $2, $3, $4) RETURNING "key"[0m  [["key", "environment"], ["value", "development"], ["created_at", "2021-08-31 19:07:13.586601"], ["updated_at", "2021-08-31 19:07:13.586601"]]
  [1m[35m (2.8ms)[0m  [1m[35mCOMMIT[0m
  [1m[36mActiveRecord::InternalMetadata Load (0.2ms)[0m  [1m[34mSELECT "ar_internal_metadata".* FROM "ar_internal_metadata" WHERE "ar_internal_metadata"."key" = $1 LIMIT $2[0m  [["key", "environment"], ["LIMIT", 1]]
  [1m[36mActiveRecord::InternalMetadata Load (0.3ms)[0m  [1m[34mSELECT "ar_internal_metadata".* FROM "ar_internal_metadata" WHERE "ar_internal_metadata"."key" = $1 LIMIT $2[0m  [["key", "schema_sha1"], ["LIMIT", 1]]
  [1m[35m (0.2ms)[0m  [1m[35mBEGIN[0m
  [1m[36mActiveRecord::InternalMetadata Create (0.4ms)[0m  [1m[32mINSERT INTO "ar_internal_metadata" ("key", "value", "created_at", "updated_at") VALUES ($1, $2, $3, $4) RETURNING "key"[0m  [["key", "schema_sha1"], ["value", "cc309ad4e4fdb93a2cc3a8c8ccf2652188e1f9dd"], ["created_at", "2021-08-31 19:07:13.598178"], ["updated_at", "2021-08-31 19:07:13.598178"]]
  [1m[35m (1.9ms)[0m  [1m[35mCOMMIT[0m
  [1m[35mSQL (0.3ms)[0m  [1m[35mCREATE EXTENSION IF NOT EXISTS "plpgsql"[0m
  [1m[35m (0.2ms)[0m  [1m[35mDROP TABLE IF EXISTS "greetings" CASCADE[0m
  [1m[35m (18.2ms)[0m  [1m[35mCREATE TABLE "greetings" ("id" bigserial primary key, "name" character varying, "message" text, "created_at" timestamp(6) NOT NULL, "updated_at" timestamp(6) NOT NULL)[0m
  [1m[35m (13.0ms)[0m  [1m[35mCREATE TABLE "schema_migrations" ("version" character varying NOT NULL PRIMARY KEY)[0m
  [1m[35m (0.5ms)[0m  [1m[34mSELECT "schema_migrations"."version" FROM "schema_migrations" ORDER BY "schema_migrations"."version" ASC[0m
  [1m[35m (3.1ms)[0m  [1m[32mINSERT INTO "schema_migrations" (version) VALUES (20200215071910)[0m
  [1m[35m (13.7ms)[0m  [1m[35mCREATE TABLE "ar_internal_metadata" ("key" character varying NOT NULL PRIMARY KEY, "value" character varying, "created_at" timestamp(6) NOT NULL, "updated_at" timestamp(6) NOT NULL)[0m
  [1m[36mActiveRecord::InternalMetadata Load (0.9ms)[0m  [1m[34mSELECT "ar_internal_metadata".* FROM "ar_internal_metadata" WHERE "ar_internal_metadata"."key" = $1 LIMIT $2[0m  [["key", "environment"], ["LIMIT", 1]]
  [1m[35m (0.4ms)[0m  [1m[35mBEGIN[0m
  [1m[36mActiveRecord::InternalMetadata Create (1.2ms)[0m  [1m[32mINSERT INTO "ar_internal_metadata" ("key", "value", "created_at", "updated_at") VALUES ($1, $2, $3, $4) RETURNING "key"[0m  [["key", "environment"], ["value", "development"], ["created_at", "2021-08-31 19:07:13.681392"], ["updated_at", "2021-08-31 19:07:13.681392"]]
  [1m[35m (2.4ms)[0m  [1m[35mCOMMIT[0m
  [1m[36mActiveRecord::InternalMetadata Load (0.7ms)[0m  [1m[34mSELECT "ar_internal_metadata".* FROM "ar_internal_metadata" WHERE "ar_internal_metadata"."key" = $1 LIMIT $2[0m  [["key", "environment"], ["LIMIT", 1]]
  [1m[35m (0.4ms)[0m  [1m[35mBEGIN[0m
  [1m[36mActiveRecord::InternalMetadata Update (1.1ms)[0m  [1m[33mUPDATE "ar_internal_metadata" SET "value" = $1, "updated_at" = $2 WHERE "ar_internal_metadata"."key" = $3[0m  [["value", "test"], ["updated_at", "2021-08-31 19:07:13.700309"], ["key", "environment"]]
  [1m[35m (2.1ms)[0m  [1m[35mCOMMIT[0m
  [1m[36mActiveRecord::InternalMetadata Load (0.4ms)[0m  [1m[34mSELECT "ar_internal_metadata".* FROM "ar_internal_metadata" WHERE "ar_internal_metadata"."key" = $1 LIMIT $2[0m  [["key", "schema_sha1"], ["LIMIT", 1]]
  [1m[35m (0.3ms)[0m  [1m[35mBEGIN[0m
  [1m[36mActiveRecord::InternalMetadata Create (0.5ms)[0m  [1m[32mINSERT INTO "ar_internal_metadata" ("key", "value", "created_at", "updated_at") VALUES ($1, $2, $3, $4) RETURNING "key"[0m  [["key", "schema_sha1"], ["value", "cc309ad4e4fdb93a2cc3a8c8ccf2652188e1f9dd"], ["created_at", "2021-08-31 19:07:13.714935"], ["updated_at", "2021-08-31 19:07:13.714935"]]
  [1m[35m (3.0ms)[0m  [1m[35mCOMMIT[0m
  [1m[35m (0.5ms)[0m  [1m[34mSELECT "schema_migrations"."version" FROM "schema_migrations" ORDER BY "schema_migrations"."version" ASC[0m
Started GET "/" for ::1 at 2021-08-31 14:07:42 -0500
  [1m[35m (0.5ms)[0m  [1m[34mSELECT "schema_migrations"."version" FROM "schema_migrations" ORDER BY "schema_migrations"."version" ASC[0m
Processing by GreetingsController#index as HTML
  Rendering greetings/index.html.erb within layouts/application
  Rendered greetings/_form.html.erb (Duration: 5.3ms | Allocations: 1294)
  [1m[36mGreeting Load (0.8ms)[0m  [1m[34mSELECT "greetings".* FROM "greetings" ORDER BY "greetings"."created_at" DESC[0m
  ↳ app/views/greetings/index.html.erb:6
  Rendered greetings/index.html.erb within layouts/application (Duration: 19.1ms | Allocations: 5919)
[Webpacker] Compiling...
[Webpacker] Compiled all packs in /home/walter/sandboxes/learn-rails-6/chapter1/guesto/public/packs
[Webpacker] Browserslist: caniuse-lite is outdated. Please run the following command: `yarn upgrade`

[Webpacker] Hash: 32e57f147dbdcbbf0c82
Version: webpack 4.41.5
Time: 2582ms
Built at: 08/31/2021 2:07:50 PM
                                     Asset       Size       Chunks                         Chunk Names
    js/application-bbe9c4a129ab949e0636.js    124 KiB  application  [emitted] [immutable]  application
js/application-bbe9c4a129ab949e0636.js.map    139 KiB  application  [emitted] [dev]        application
                             manifest.json  364 bytes               [emitted]              
Entrypoint application = js/application-bbe9c4a129ab949e0636.js js/application-bbe9c4a129ab949e0636.js.map
[./app/javascript/channels sync recursive _channel\.js$] ./app/javascript/channels sync _channel\.js$ 160 bytes {application} [built]
[./app/javascript/channels/index.js] 211 bytes {application} [built]
[./app/javascript/packs/application.js] 749 bytes {application} [built]
[./node_modules/webpack/buildin/module.js] (webpack)/buildin/module.js 552 bytes {application} [built]
    + 3 hidden modules

Completed 200 OK in 7528ms (Views: 7511.8ms | ActiveRecord: 6.8ms | Allocations: 95769)


Started POST "/greetings" for ::1 at 2021-08-31 14:20:14 -0500
Processing by GreetingsController#create as HTML
  Parameters: {"authenticity_token"=>"J9dU34Q9bEEQiBnTgDnvQd1mAgHqGcs4pZNg7Ql405VzIpx0ppIr3RIpHqn3c6cHirLZFye+V2p1y5eicqE9RA==", "greeting"=>{"name"=>"walter", "message"=>"Hi everyone!"}, "commit"=>"Send!"}
  [1m[35m (0.3ms)[0m  [1m[35mBEGIN[0m
  ↳ app/controllers/greetings_controller.rb:30:in `block in create'
  [1m[36mGreeting Create (1.2ms)[0m  [1m[32mINSERT INTO "greetings" ("name", "message", "created_at", "updated_at") VALUES ($1, $2, $3, $4) RETURNING "id"[0m  [["name", "walter"], ["message", "Hi everyone!"], ["created_at", "2021-08-31 19:20:14.355954"], ["updated_at", "2021-08-31 19:20:14.355954"]]
  ↳ app/controllers/greetings_controller.rb:30:in `block in create'
  [1m[35m (3.1ms)[0m  [1m[35mCOMMIT[0m
  ↳ app/controllers/greetings_controller.rb:30:in `block in create'
Redirected to http://localhost:3000/
Completed 302 Found in 17ms (ActiveRecord: 4.6ms | Allocations: 3117)


Started GET "/" for ::1 at 2021-08-31 14:20:14 -0500
Processing by GreetingsController#index as HTML
  Rendering greetings/index.html.erb within layouts/application
  Rendered greetings/_form.html.erb (Duration: 2.9ms | Allocations: 336)
  [1m[36mGreeting Load (0.8ms)[0m  [1m[34mSELECT "greetings".* FROM "greetings" ORDER BY "greetings"."created_at" DESC[0m
  ↳ app/views/greetings/index.html.erb:6
  Rendered greetings/index.html.erb within layouts/application (Duration: 9.0ms | Allocations: 1281)
[Webpacker] Everything's up-to-date. Nothing to do
Completed 200 OK in 23ms (Views: 21.1ms | ActiveRecord: 0.8ms | Allocations: 8289)


Started POST "/greetings" for ::1 at 2021-08-31 15:28:24 -0500
Processing by GreetingsController#create as HTML
  Parameters: {"authenticity_token"=>"OMfseij3wCPQ5kEGtXaHaT9uY4cYru53SMnB5THPnvdsMiTRCliHv9JHRnzCPM8vaLq4kdUJciWYkTaqShZwJg==", "greeting"=>{"name"=>"Vivian", "message"=>"Hi Walter how are you?"}, "commit"=>"Send!"}
  [1m[35m (0.3ms)[0m  [1m[35mBEGIN[0m
  ↳ app/controllers/greetings_controller.rb:30:in `block in create'
  [1m[36mGreeting Create (1.3ms)[0m  [1m[32mINSERT INTO "greetings" ("name", "message", "created_at", "updated_at") VALUES ($1, $2, $3, $4) RETURNING "id"[0m  [["name", "Vivian"], ["message", "Hi Walter how are you?"], ["created_at", "2021-08-31 20:28:24.838011"], ["updated_at", "2021-08-31 20:28:24.838011"]]
  ↳ app/controllers/greetings_controller.rb:30:in `block in create'
  [1m[35m (6.4ms)[0m  [1m[35mCOMMIT[0m
  ↳ app/controllers/greetings_controller.rb:30:in `block in create'
Redirected to http://localhost:3000/
Completed 302 Found in 18ms (ActiveRecord: 8.0ms | Allocations: 2862)


Started GET "/" for ::1 at 2021-08-31 15:28:24 -0500
Processing by GreetingsController#index as HTML
  Rendering greetings/index.html.erb within layouts/application
  Rendered greetings/_form.html.erb (Duration: 0.6ms | Allocations: 330)
  [1m[36mGreeting Load (0.7ms)[0m  [1m[34mSELECT "greetings".* FROM "greetings" ORDER BY "greetings"."created_at" DESC[0m
  ↳ app/views/greetings/index.html.erb:6
  Rendered greetings/index.html.erb within layouts/application (Duration: 5.2ms | Allocations: 1358)
[Webpacker] Everything's up-to-date. Nothing to do
Completed 200 OK in 18ms (Views: 16.7ms | ActiveRecord: 0.7ms | Allocations: 8373)


  [1m[36mGreeting Load (1.1ms)[0m  [1m[34mSELECT "greetings".* FROM "greetings" ORDER BY "greetings"."id" DESC LIMIT $1[0m  [["LIMIT", 1]]
Started GET "/" for ::1 at 2021-08-31 15:55:54 -0500
  [1m[35m (0.8ms)[0m  [1m[34mSELECT "schema_migrations"."version" FROM "schema_migrations" ORDER BY "schema_migrations"."version" ASC[0m
Processing by GreetingsController#index as HTML
  Rendering greetings/index.html.erb within layouts/application
  Rendered greetings/_form.html.erb (Duration: 8.0ms | Allocations: 1001)
  [1m[36mGreeting Load (1.1ms)[0m  [1m[34mSELECT "greetings".* FROM "greetings" ORDER BY "greetings"."created_at" DESC[0m
  ↳ app/views/greetings/index.html.erb:6
  Rendered greetings/index.html.erb within layouts/application (Duration: 32.7ms | Allocations: 5720)
[Webpacker] Everything's up-to-date. Nothing to do
Completed 200 OK in 152ms (Views: 125.7ms | ActiveRecord: 12.5ms | Allocations: 23533)


Started GET "/greeting" for ::1 at 2021-08-31 15:56:01 -0500
  
ActionController::RoutingError (No route matches [GET] "/greeting"):
  
actionpack (6.0.4.1) lib/action_dispatch/middleware/debug_exceptions.rb:36:in `call'
web-console (4.1.0) lib/web_console/middleware.rb:132:in `call_app'
web-console (4.1.0) lib/web_console/middleware.rb:28:in `block in call'
web-console (4.1.0) lib/web_console/middleware.rb:17:in `catch'
web-console (4.1.0) lib/web_console/middleware.rb:17:in `call'
actionpack (6.0.4.1) lib/action_dispatch/middleware/show_exceptions.rb:33:in `call'
railties (6.0.4.1) lib/rails/rack/logger.rb:37:in `call_app'
railties (6.0.4.1) lib/rails/rack/logger.rb:26:in `block in call'
activesupport (6.0.4.1) lib/active_support/tagged_logging.rb:80:in `block in tagged'
activesupport (6.0.4.1) lib/active_support/tagged_logging.rb:28:in `tagged'
activesupport (6.0.4.1) lib/active_support/tagged_logging.rb:80:in `tagged'
railties (6.0.4.1) lib/rails/rack/logger.rb:26:in `call'
sprockets-rails (3.2.2) lib/sprockets/rails/quiet_assets.rb:13:in `call'
actionpack (6.0.4.1) lib/action_dispatch/middleware/remote_ip.rb:81:in `call'
actionpack (6.0.4.1) lib/action_dispatch/middleware/request_id.rb:27:in `call'
rack (2.2.3) lib/rack/method_override.rb:24:in `call'
rack (2.2.3) lib/rack/runtime.rb:22:in `call'
activesupport (6.0.4.1) lib/active_support/cache/strategy/local_cache_middleware.rb:29:in `call'
actionpack (6.0.4.1) lib/action_dispatch/middleware/executor.rb:14:in `call'
actionpack (6.0.4.1) lib/action_dispatch/middleware/static.rb:126:in `call'
rack (2.2.3) lib/rack/sendfile.rb:110:in `call'
actionpack (6.0.4.1) lib/action_dispatch/middleware/host_authorization.rb:82:in `call'
webpacker (4.3.0) lib/webpacker/dev_server_proxy.rb:23:in `perform_request'
rack-proxy (0.7.0) lib/rack/proxy.rb:63:in `call'
railties (6.0.4.1) lib/rails/engine.rb:527:in `call'
puma (4.3.8) lib/puma/configuration.rb:228:in `call'
puma (4.3.8) lib/puma/server.rb:718:in `handle_request'
puma (4.3.8) lib/puma/server.rb:472:in `process_client'
puma (4.3.8) lib/puma/server.rb:328:in `block in run'
puma (4.3.8) lib/puma/thread_pool.rb:134:in `block in spawn_thread'
Started GET "/greetings" for ::1 at 2021-08-31 15:56:19 -0500
Processing by GreetingsController#index as HTML
  Rendering greetings/index.html.erb within layouts/application
  Rendered greetings/_form.html.erb (Duration: 1.2ms | Allocations: 336)
  [1m[36mGreeting Load (0.5ms)[0m  [1m[34mSELECT "greetings".* FROM "greetings" ORDER BY "greetings"."created_at" DESC[0m
  ↳ app/views/greetings/index.html.erb:6
  Rendered greetings/index.html.erb within layouts/application (Duration: 9.0ms | Allocations: 1315)
[Webpacker] Everything's up-to-date. Nothing to do
Completed 200 OK in 42ms (Views: 40.3ms | ActiveRecord: 0.5ms | Allocations: 8395)


Started GET "/greetings/new" for ::1 at 2021-08-31 15:56:25 -0500
Processing by GreetingsController#new as HTML
  Rendering greetings/new.html.erb within layouts/application
  Rendered greetings/_form.html.erb (Duration: 1.2ms | Allocations: 338)
  Rendered greetings/new.html.erb within layouts/application (Duration: 2.3ms | Allocations: 550)
[Webpacker] Everything's up-to-date. Nothing to do
Completed 200 OK in 25ms (Views: 23.5ms | ActiveRecord: 0.0ms | Allocations: 7756)


Started GET "/greetings/1" for ::1 at 2021-08-31 15:57:56 -0500
Processing by GreetingsController#show as HTML
  Parameters: {"id"=>"1"}
  [1m[36mGreeting Load (0.7ms)[0m  [1m[34mSELECT "greetings".* FROM "greetings" WHERE "greetings"."id" = $1 LIMIT $2[0m  [["id", 1], ["LIMIT", 1]]
  ↳ app/controllers/greetings_controller.rb:67:in `set_greeting'
  Rendering greetings/show.html.erb within layouts/application
  Rendered greetings/show.html.erb within layouts/application (Duration: 0.9ms | Allocations: 261)
[Webpacker] Everything's up-to-date. Nothing to do
Completed 200 OK in 63ms (Views: 27.0ms | ActiveRecord: 1.0ms | Allocations: 10354)


Started GET "/greetings" for ::1 at 2021-08-31 15:58:04 -0500
Processing by GreetingsController#index as HTML
  Rendering greetings/index.html.erb within layouts/application
  Rendered greetings/_form.html.erb (Duration: 11.8ms | Allocations: 332)
  [1m[36mGreeting Load (0.5ms)[0m  [1m[34mSELECT "greetings".* FROM "greetings" ORDER BY "greetings"."created_at" DESC[0m
  ↳ app/views/greetings/index.html.erb:6
  Rendered greetings/index.html.erb within layouts/application (Duration: 32.1ms | Allocations: 1307)
[Webpacker] Everything's up-to-date. Nothing to do
Completed 200 OK in 60ms (Views: 56.4ms | ActiveRecord: 0.5ms | Allocations: 8390)


Started GET "/greetings" for ::1 at 2021-08-31 15:58:14 -0500
Processing by GreetingsController#index as HTML
  Rendering greetings/index.html.erb within layouts/application
  Rendered greetings/_form.html.erb (Duration: 2.3ms | Allocations: 330)
  [1m[36mGreeting Load (0.9ms)[0m  [1m[34mSELECT "greetings".* FROM "greetings" ORDER BY "greetings"."created_at" DESC[0m
  ↳ app/views/greetings/index.html.erb:6
  Rendered greetings/index.html.erb within layouts/application (Duration: 25.2ms | Allocations: 1296)
[Webpacker] Everything's up-to-date. Nothing to do
Completed 200 OK in 69ms (Views: 64.6ms | ActiveRecord: 0.9ms | Allocations: 8369)


Started GET "/greetings" for ::1 at 2021-08-31 15:58:29 -0500
Processing by GreetingsController#index as HTML
  Rendering greetings/index.html.erb within layouts/application
  Rendered greetings/_form.html.erb (Duration: 1.0ms | Allocations: 330)
  [1m[36mGreeting Load (0.4ms)[0m  [1m[34mSELECT "greetings".* FROM "greetings" ORDER BY "greetings"."created_at" DESC[0m
  ↳ app/views/greetings/index.html.erb:6
  Rendered greetings/index.html.erb within layouts/application (Duration: 16.5ms | Allocations: 1306)
[Webpacker] Everything's up-to-date. Nothing to do
Completed 200 OK in 58ms (Views: 56.7ms | ActiveRecord: 0.4ms | Allocations: 8372)


Started GET "/greetings/2" for ::1 at 2021-08-31 15:58:58 -0500
Processing by GreetingsController#show as HTML
  Parameters: {"id"=>"2"}
  [1m[36mGreeting Load (0.4ms)[0m  [1m[34mSELECT "greetings".* FROM "greetings" WHERE "greetings"."id" = $1 LIMIT $2[0m  [["id", 2], ["LIMIT", 1]]
  ↳ app/controllers/greetings_controller.rb:67:in `set_greeting'
  Rendering greetings/show.html.erb within layouts/application
  Rendered greetings/show.html.erb within layouts/application (Duration: 0.3ms | Allocations: 81)
[Webpacker] Everything's up-to-date. Nothing to do
Completed 200 OK in 27ms (Views: 23.4ms | ActiveRecord: 0.4ms | Allocations: 7710)


Started POST "/greetings" for ::1 at 2021-08-31 16:20:53 -0500
Processing by GreetingsController#create as HTML
  Parameters: {"authenticity_token"=>"XC97OVH50IvrHIWMLwiMx4M97t3Ky81VngM0qVVtox8I2rOSc1aXF+m9gvZYQsSB1Ok1ywdsUQdOW8PmLrRNzg==", "greeting"=>{"name"=>"Pacho", "message"=>"I'm happy"}, "commit"=>"Send!"}
  [1m[35m (0.2ms)[0m  [1m[35mBEGIN[0m
  ↳ app/controllers/greetings_controller.rb:30:in `block in create'
  [1m[36mGreeting Create (1.2ms)[0m  [1m[32mINSERT INTO "greetings" ("name", "message", "created_at", "updated_at") VALUES ($1, $2, $3, $4) RETURNING "id"[0m  [["name", "Pacho"], ["message", "I'm happy"], ["created_at", "2021-08-31 21:20:53.890022"], ["updated_at", "2021-08-31 21:20:53.890022"]]
  ↳ app/controllers/greetings_controller.rb:30:in `block in create'
  [1m[35m (4.2ms)[0m  [1m[35mCOMMIT[0m
  ↳ app/controllers/greetings_controller.rb:30:in `block in create'
Redirected to http://localhost:3000/
Completed 302 Found in 44ms (ActiveRecord: 5.6ms | Allocations: 3089)


Started GET "/" for ::1 at 2021-08-31 16:20:53 -0500
Processing by GreetingsController#index as HTML
  Rendering greetings/index.html.erb within layouts/application
  Rendered greetings/_form.html.erb (Duration: 1.5ms | Allocations: 330)
  [1m[36mGreeting Load (0.9ms)[0m  [1m[34mSELECT "greetings".* FROM "greetings" ORDER BY "greetings"."created_at" DESC[0m
  ↳ app/views/greetings/index.html.erb:6
  Rendered greetings/index.html.erb within layouts/application (Duration: 28.9ms | Allocations: 1468)
[Webpacker] Everything's up-to-date. Nothing to do
Completed 200 OK in 59ms (Views: 54.1ms | ActiveRecord: 0.9ms | Allocations: 8552)


Started GET "/" for ::1 at 2021-08-31 16:25:17 -0500
Processing by GreetingsController#index as HTML
  Rendering greetings/index.html.erb within layouts/application
  Rendered greetings/_form.html.erb (Duration: 1.4ms | Allocations: 394)
  [1m[36mGreeting Load (4.5ms)[0m  [1m[34mSELECT "greetings".* FROM "greetings" ORDER BY "greetings"."created_at" DESC[0m
  ↳ app/views/greetings/index.html.erb:6
  Rendered greetings/index.html.erb within layouts/application (Duration: 25.4ms | Allocations: 4454)
[Webpacker] Everything's up-to-date. Nothing to do
Completed 200 OK in 75ms (Views: 44.3ms | ActiveRecord: 26.9ms | Allocations: 12569)


Started POST "/greetings" for ::1 at 2021-08-31 16:25:38 -0500
Processing by GreetingsController#create as HTML
  Parameters: {"authenticity_token"=>"qJ3OtLnmB6ARSmSuWp7ErjCFNacPQZtNxFsR/G7mVoD8aAYfm0lAPBPrY9Qt1IzoZ1HuscLmBx8UA+azFT+4UQ==", "greeting"=>{"name"=>"Pablo", "message"=>"Nice to meet you Walter!!!"}, "commit"=>"Send!"}
  [1m[35m (0.8ms)[0m  [1m[35mBEGIN[0m
  ↳ app/controllers/greetings_controller.rb:30:in `block in create'
  [1m[36mGreeting Create (0.9ms)[0m  [1m[32mINSERT INTO "greetings" ("name", "message", "created_at", "updated_at") VALUES ($1, $2, $3, $4) RETURNING "id"[0m  [["name", "Pablo"], ["message", "Nice to meet you Walter!!!"], ["created_at", "2021-08-31 21:25:38.978872"], ["updated_at", "2021-08-31 21:25:38.978872"]]
  ↳ app/controllers/greetings_controller.rb:30:in `block in create'
  [1m[35m (9.0ms)[0m  [1m[35mCOMMIT[0m
  ↳ app/controllers/greetings_controller.rb:30:in `block in create'
Redirected to http://localhost:3000/
Completed 302 Found in 37ms (ActiveRecord: 10.7ms | Allocations: 2873)


Started GET "/" for ::1 at 2021-08-31 16:25:39 -0500
Processing by GreetingsController#index as HTML
  Rendering greetings/index.html.erb within layouts/application
  Rendered greetings/_form.html.erb (Duration: 1.3ms | Allocations: 330)
  [1m[36mGreeting Load (0.4ms)[0m  [1m[34mSELECT "greetings".* FROM "greetings" ORDER BY "greetings"."created_at" DESC[0m
  ↳ app/views/greetings/index.html.erb:6
  Rendered greetings/index.html.erb within layouts/application (Duration: 15.2ms | Allocations: 1530)
[Webpacker] Everything's up-to-date. Nothing to do
Completed 200 OK in 45ms (Views: 42.5ms | ActiveRecord: 0.4ms | Allocations: 8605)


Started GET "/" for ::1 at 2021-08-31 16:29:11 -0500
  
SyntaxError (/home/walter/sandboxes/learn-rails-6/chapter1/guesto/app/controllers/greetings_controller.rb:40: unknown regexp options - PUT
/home/walter/sandboxes/learn-rails-6/chapter1/guesto/app/controllers/greetings_controller.rb:74: syntax error, unexpected end-of-input, expecting end):
  
app/controllers/greetings_controller.rb:40: unknown regexp options - PUT
app/controllers/greetings_controller.rb:74: syntax error, unexpected end-of-input, expecting end
app/controllers/greetings_controller.rb:40: unknown regexp options - PUT
app/controllers/greetings_controller.rb:74: syntax error, unexpected end-of-input, expecting end
app/controllers/greetings_controller.rb:40: unknown regexp options - PUT
app/controllers/greetings_controller.rb:74: syntax error, unexpected end-of-input, expecting end
Started GET "/" for ::1 at 2021-08-31 16:29:43 -0500
Processing by GreetingsController#index as HTML
  Rendering greetings/index.html.erb within layouts/application
  Rendered greetings/_form.html.erb (Duration: 1.0ms | Allocations: 394)
  [1m[36mGreeting Load (0.4ms)[0m  [1m[34mSELECT "greetings".* FROM "greetings" ORDER BY "greetings"."created_at" DESC[0m
  ↳ app/views/greetings/index.html.erb:6
  Rendered greetings/index.html.erb within layouts/application (Duration: 12.1ms | Allocations: 4575)
[Webpacker] Everything's up-to-date. Nothing to do
Completed 200 OK in 31ms (Views: 22.4ms | ActiveRecord: 4.8ms | Allocations: 12618)


Started GET "/" for ::1 at 2021-08-31 16:57:12 -0500
Processing by GreetingsController#index as HTML
  Rendering greetings/index.html.erb within layouts/application
  Rendered greetings/_form.html.erb (Duration: 1.0ms | Allocations: 394)
  [1m[36mGreeting Load (1.1ms)[0m  [1m[34mSELECT "greetings".* FROM "greetings" ORDER BY "greetings"."created_at" DESC[0m
  ↳ app/views/greetings/index.html.erb:6
  Rendered greetings/index.html.erb within layouts/application (Duration: 11.5ms | Allocations: 4515)
[Webpacker] Everything's up-to-date. Nothing to do
Completed 200 OK in 24ms (Views: 20.5ms | ActiveRecord: 1.1ms | Allocations: 12448)


Started POST "/greetings" for ::1 at 2021-08-31 16:57:31 -0500
Processing by GreetingsController#create as HTML
  Parameters: {"authenticity_token"=>"c0T3lfn9cVwFGZwoSKBfk7/xZuQGRMcYS9YG2q1dYOgnsT8+21I2wAe4m1I/6hfV6CW98svjW0qbjvGV1oSOOQ==", "greeting"=>{"name"=>"Alan", "message"=>"lets go"}, "commit"=>"Send!"}
  [1m[35m (0.7ms)[0m  [1m[35mBEGIN[0m
  ↳ app/controllers/greetings_controller.rb:30:in `block in create'
  [1m[36mGreeting Create (2.9ms)[0m  [1m[32mINSERT INTO "greetings" ("name", "message", "created_at", "updated_at") VALUES ($1, $2, $3, $4) RETURNING "id"[0m  [["name", "Alan"], ["message", "lets go"], ["created_at", "2021-08-31 22:16:19.113970"], ["updated_at", "2021-08-31 22:16:19.113970"]]
  ↳ app/controllers/greetings_controller.rb:30:in `block in create'
  [1m[35m (6.6ms)[0m  [1m[35mCOMMIT[0m
  ↳ app/controllers/greetings_controller.rb:30:in `block in create'
Redirected to http://localhost:3000/
Completed 302 Found in 1127622ms (ActiveRecord: 10.2ms | Allocations: 156379)


  [1m[35m (0.2ms)[0m  [1m[35mBEGIN[0m
  [1m[36mGreeting Load (0.5ms)[0m  [1m[34mSELECT "greetings".* FROM "greetings"[0m
  [1m[35m (0.2ms)[0m  [1m[35mSAVEPOINT active_record_1[0m
  [1m[36mGreeting Destroy (0.5ms)[0m  [1m[31mDELETE FROM "greetings" WHERE "greetings"."id" = $1[0m  [["id", 1]]
  [1m[35m (0.2ms)[0m  [1m[35mRELEASE SAVEPOINT active_record_1[0m
  [1m[35m (0.2ms)[0m  [1m[35mSAVEPOINT active_record_1[0m
  [1m[36mGreeting Destroy (2.3ms)[0m  [1m[31mDELETE FROM "greetings" WHERE "greetings"."id" = $1[0m  [["id", 2]]
  [1m[35m (0.2ms)[0m  [1m[35mRELEASE SAVEPOINT active_record_1[0m
  [1m[35m (0.1ms)[0m  [1m[35mSAVEPOINT active_record_1[0m
  [1m[36mGreeting Destroy (0.3ms)[0m  [1m[31mDELETE FROM "greetings" WHERE "greetings"."id" = $1[0m  [["id", 3]]
  [1m[35m (0.1ms)[0m  [1m[35mRELEASE SAVEPOINT active_record_1[0m
  [1m[35m (0.1ms)[0m  [1m[35mSAVEPOINT active_record_1[0m
  [1m[36mGreeting Destroy (0.3ms)[0m  [1m[31mDELETE FROM "greetings" WHERE "greetings"."id" = $1[0m  [["id", 4]]
  [1m[35m (0.1ms)[0m  [1m[35mRELEASE SAVEPOINT active_record_1[0m
  [1m[35m (0.1ms)[0m  [1m[35mSAVEPOINT active_record_1[0m
  [1m[36mGreeting Destroy (0.3ms)[0m  [1m[31mDELETE FROM "greetings" WHERE "greetings"."id" = $1[0m  [["id", 5]]
  [1m[35m (0.1ms)[0m  [1m[35mRELEASE SAVEPOINT active_record_1[0m
Started GET "/" for ::1 at 2021-08-31 17:18:06 -0500
  [1m[35m (0.5ms)[0m  [1m[34mSELECT "schema_migrations"."version" FROM "schema_migrations" ORDER BY "schema_migrations"."version" ASC[0m
Processing by GreetingsController#index as HTML
  Rendering greetings/index.html.erb within layouts/application
  Rendered greetings/_form.html.erb (Duration: 5.6ms | Allocations: 1000)
  [1m[36mGreeting Load (0.7ms)[0m  [1m[34mSELECT "greetings".* FROM "greetings" ORDER BY "greetings"."created_at" DESC[0m
  ↳ app/views/greetings/index.html.erb:6
  Rendered greetings/index.html.erb within layouts/application (Duration: 31.6ms | Allocations: 6069)
[Webpacker] Everything's up-to-date. Nothing to do
Completed 200 OK in 141ms (Views: 122.8ms | ActiveRecord: 7.6ms | Allocations: 23882)


Started GET "/" for ::1 at 2021-08-31 17:18:11 -0500
Processing by GreetingsController#index as HTML
  Rendering greetings/index.html.erb within layouts/application
  Rendered greetings/_form.html.erb (Duration: 7.0ms | Allocations: 336)
  [1m[36mGreeting Load (1.3ms)[0m  [1m[34mSELECT "greetings".* FROM "greetings" ORDER BY "greetings"."created_at" DESC[0m
  ↳ app/views/greetings/index.html.erb:6
  Rendered greetings/index.html.erb within layouts/application (Duration: 34.8ms | Allocations: 1664)
[Webpacker] Everything's up-to-date. Nothing to do
Completed 200 OK in 74ms (Views: 70.1ms | ActiveRecord: 1.3ms | Allocations: 8736)


  [1m[36mGreeting Load (0.8ms)[0m  [1m[34mSELECT "greetings".* FROM "greetings"[0m
Started GET "/" for ::1 at 2021-08-31 17:18:31 -0500
Processing by GreetingsController#index as HTML
  Rendering greetings/index.html.erb within layouts/application
  Rendered greetings/_form.html.erb (Duration: 0.8ms | Allocations: 330)
  [1m[36mGreeting Load (0.4ms)[0m  [1m[34mSELECT "greetings".* FROM "greetings" ORDER BY "greetings"."created_at" DESC[0m
  ↳ app/views/greetings/index.html.erb:6
  Rendered greetings/index.html.erb within layouts/application (Duration: 6.2ms | Allocations: 1656)
[Webpacker] Everything's up-to-date. Nothing to do
Completed 200 OK in 22ms (Views: 20.5ms | ActiveRecord: 0.4ms | Allocations: 8739)


Started GET "/" for ::1 at 2021-08-31 17:18:32 -0500
Processing by GreetingsController#index as HTML
  Rendering greetings/index.html.erb within layouts/application
  Rendered greetings/_form.html.erb (Duration: 3.0ms | Allocations: 330)
  [1m[36mGreeting Load (0.9ms)[0m  [1m[34mSELECT "greetings".* FROM "greetings" ORDER BY "greetings"."created_at" DESC[0m
  ↳ app/views/greetings/index.html.erb:6
  Rendered greetings/index.html.erb within layouts/application (Duration: 27.8ms | Allocations: 1656)
[Webpacker] Everything's up-to-date. Nothing to do
Completed 200 OK in 64ms (Views: 60.7ms | ActiveRecord: 0.9ms | Allocations: 8731)


  [1m[35m (0.7ms)[0m  [1m[31mROLLBACK[0m
Started GET "/" for ::1 at 2021-08-31 17:18:40 -0500
Processing by GreetingsController#index as HTML
  Rendering greetings/index.html.erb within layouts/application
  Rendered greetings/_form.html.erb (Duration: 1.7ms | Allocations: 330)
  [1m[36mGreeting Load (0.7ms)[0m  [1m[34mSELECT "greetings".* FROM "greetings" ORDER BY "greetings"."created_at" DESC[0m
  ↳ app/views/greetings/index.html.erb:6
  Rendered greetings/index.html.erb within layouts/application (Duration: 25.1ms | Allocations: 1645)
[Webpacker] Everything's up-to-date. Nothing to do
Completed 200 OK in 44ms (Views: 41.3ms | ActiveRecord: 0.7ms | Allocations: 8711)


  [1m[35m (0.2ms)[0m  [1m[35mBEGIN[0m
  [1m[36mGreeting Load (0.7ms)[0m  [1m[34mSELECT "greetings".* FROM "greetings"[0m
  [1m[35m (0.2ms)[0m  [1m[35mSAVEPOINT active_record_1[0m
  [1m[36mGreeting Destroy (0.4ms)[0m  [1m[31mDELETE FROM "greetings" WHERE "greetings"."id" = $1[0m  [["id", 1]]
  [1m[35m (0.1ms)[0m  [1m[35mRELEASE SAVEPOINT active_record_1[0m
  [1m[35m (0.1ms)[0m  [1m[35mSAVEPOINT active_record_1[0m
  [1m[36mGreeting Destroy (0.3ms)[0m  [1m[31mDELETE FROM "greetings" WHERE "greetings"."id" = $1[0m  [["id", 2]]
  [1m[35m (0.1ms)[0m  [1m[35mRELEASE SAVEPOINT active_record_1[0m
  [1m[35m (0.1ms)[0m  [1m[35mSAVEPOINT active_record_1[0m
  [1m[36mGreeting Destroy (0.2ms)[0m  [1m[31mDELETE FROM "greetings" WHERE "greetings"."id" = $1[0m  [["id", 3]]
  [1m[35m (0.1ms)[0m  [1m[35mRELEASE SAVEPOINT active_record_1[0m
  [1m[35m (0.1ms)[0m  [1m[35mSAVEPOINT active_record_1[0m
  [1m[36mGreeting Destroy (0.2ms)[0m  [1m[31mDELETE FROM "greetings" WHERE "greetings"."id" = $1[0m  [["id", 4]]
  [1m[35m (0.1ms)[0m  [1m[35mRELEASE SAVEPOINT active_record_1[0m
  [1m[35m (0.1ms)[0m  [1m[35mSAVEPOINT active_record_1[0m
  [1m[36mGreeting Destroy (0.3ms)[0m  [1m[31mDELETE FROM "greetings" WHERE "greetings"."id" = $1[0m  [["id", 5]]
  [1m[35m (0.2ms)[0m  [1m[35mRELEASE SAVEPOINT active_record_1[0m
Started GET "/" for ::1 at 2021-08-31 17:18:56 -0500
Processing by GreetingsController#index as HTML
  Rendering greetings/index.html.erb within layouts/application
  Rendered greetings/_form.html.erb (Duration: 0.7ms | Allocations: 330)
  [1m[36mGreeting Load (0.3ms)[0m  [1m[34mSELECT "greetings".* FROM "greetings" ORDER BY "greetings"."created_at" DESC[0m
  ↳ app/views/greetings/index.html.erb:6
  Rendered greetings/index.html.erb within layouts/application (Duration: 6.2ms | Allocations: 1656)
[Webpacker] Everything's up-to-date. Nothing to do
Completed 200 OK in 20ms (Views: 18.8ms | ActiveRecord: 0.3ms | Allocations: 8727)


Started GET "/" for ::1 at 2021-08-31 17:18:57 -0500
Processing by GreetingsController#index as HTML
  Rendering greetings/index.html.erb within layouts/application
  Rendered greetings/_form.html.erb (Duration: 2.4ms | Allocations: 330)
  [1m[36mGreeting Load (1.6ms)[0m  [1m[34mSELECT "greetings".* FROM "greetings" ORDER BY "greetings"."created_at" DESC[0m
  ↳ app/views/greetings/index.html.erb:6
  Rendered greetings/index.html.erb within layouts/application (Duration: 21.2ms | Allocations: 1644)
[Webpacker] Everything's up-to-date. Nothing to do
Completed 200 OK in 65ms (Views: 60.0ms | ActiveRecord: 1.6ms | Allocations: 8707)


Started GET "/" for ::1 at 2021-08-31 17:18:58 -0500
Processing by GreetingsController#index as HTML
  Rendering greetings/index.html.erb within layouts/application
  Rendered greetings/_form.html.erb (Duration: 5.0ms | Allocations: 330)
  [1m[36mGreeting Load (1.2ms)[0m  [1m[34mSELECT "greetings".* FROM "greetings" ORDER BY "greetings"."created_at" DESC[0m
  ↳ app/views/greetings/index.html.erb:6
  Rendered greetings/index.html.erb within layouts/application (Duration: 22.2ms | Allocations: 1644)
[Webpacker] Everything's up-to-date. Nothing to do
Completed 200 OK in 58ms (Views: 53.5ms | ActiveRecord: 1.2ms | Allocations: 8717)


  [1m[35m (0.2ms)[0m  [1m[35mSAVEPOINT active_record_1[0m
  [1m[36mGreeting Create (0.5ms)[0m  [1m[32mINSERT INTO "greetings" ("name", "message", "created_at", "updated_at") VALUES ($1, $2, $3, $4) RETURNING "id"[0m  [["name", "Sam"], ["message", "What's up?"], ["created_at", "2021-08-31 22:20:31.165899"], ["updated_at", "2021-08-31 22:20:31.165899"]]
  [1m[35m (0.2ms)[0m  [1m[35mRELEASE SAVEPOINT active_record_1[0m
Started GET "/" for ::1 at 2021-08-31 17:20:39 -0500
Processing by GreetingsController#index as HTML
  Rendering greetings/index.html.erb within layouts/application
  Rendered greetings/_form.html.erb (Duration: 0.9ms | Allocations: 330)
  [1m[36mGreeting Load (0.4ms)[0m  [1m[34mSELECT "greetings".* FROM "greetings" ORDER BY "greetings"."created_at" DESC[0m
  ↳ app/views/greetings/index.html.erb:6
  Rendered greetings/index.html.erb within layouts/application (Duration: 5.4ms | Allocations: 1644)
[Webpacker] Everything's up-to-date. Nothing to do
Completed 200 OK in 18ms (Views: 16.2ms | ActiveRecord: 0.4ms | Allocations: 8721)


Started GET "/" for ::1 at 2021-08-31 17:20:40 -0500
Processing by GreetingsController#index as HTML
  Rendering greetings/index.html.erb within layouts/application
  Rendered greetings/_form.html.erb (Duration: 3.9ms | Allocations: 330)
  [1m[36mGreeting Load (1.3ms)[0m  [1m[34mSELECT "greetings".* FROM "greetings" ORDER BY "greetings"."created_at" DESC[0m
  ↳ app/views/greetings/index.html.erb:6
  Rendered greetings/index.html.erb within layouts/application (Duration: 19.7ms | Allocations: 1644)
[Webpacker] Everything's up-to-date. Nothing to do
Completed 200 OK in 64ms (Views: 59.7ms | ActiveRecord: 1.3ms | Allocations: 8717)


Started GET "/" for ::1 at 2021-08-31 17:20:46 -0500
Processing by GreetingsController#index as HTML
  Rendering greetings/index.html.erb within layouts/application
  Rendered greetings/_form.html.erb (Duration: 3.1ms | Allocations: 330)
  [1m[36mGreeting Load (1.7ms)[0m  [1m[34mSELECT "greetings".* FROM "greetings" ORDER BY "greetings"."created_at" DESC[0m
  ↳ app/views/greetings/index.html.erb:6
  Rendered greetings/index.html.erb within layouts/application (Duration: 22.5ms | Allocations: 1644)
[Webpacker] Everything's up-to-date. Nothing to do
Completed 200 OK in 67ms (Views: 61.1ms | ActiveRecord: 1.7ms | Allocations: 8707)


Started GET "/" for ::1 at 2021-08-31 17:21:37 -0500
Processing by GreetingsController#index as HTML
  Rendering greetings/index.html.erb within layouts/application
  Rendered greetings/_form.html.erb (Duration: 2.1ms | Allocations: 330)
  [1m[36mGreeting Load (1.0ms)[0m  [1m[34mSELECT "greetings".* FROM "greetings" ORDER BY "greetings"."created_at" DESC[0m
  ↳ app/views/greetings/index.html.erb:6
  Rendered greetings/index.html.erb within layouts/application (Duration: 16.9ms | Allocations: 1644)
[Webpacker] Everything's up-to-date. Nothing to do
Completed 200 OK in 57ms (Views: 54.6ms | ActiveRecord: 1.0ms | Allocations: 8723)


Started GET "/greetings" for ::1 at 2021-08-31 17:21:43 -0500
Processing by GreetingsController#index as HTML
  Rendering greetings/index.html.erb within layouts/application
  Rendered greetings/_form.html.erb (Duration: 2.2ms | Allocations: 330)
  [1m[36mGreeting Load (2.5ms)[0m  [1m[34mSELECT "greetings".* FROM "greetings" ORDER BY "greetings"."created_at" DESC[0m
  ↳ app/views/greetings/index.html.erb:6
  Rendered greetings/index.html.erb within layouts/application (Duration: 14.5ms | Allocations: 1644)
[Webpacker] Everything's up-to-date. Nothing to do
Completed 200 OK in 50ms (Views: 45.4ms | ActiveRecord: 2.5ms | Allocations: 8721)


  [1m[35m (0.3ms)[0m  [1m[35mSAVEPOINT active_record_1[0m
  [1m[36mGreeting Create (1.3ms)[0m  [1m[32mINSERT INTO "greetings" ("name", "message", "created_at", "updated_at") VALUES ($1, $2, $3, $4) RETURNING "id"[0m  [["name", "Sam"], ["message", "What's up?"], ["created_at", "2021-08-31 22:22:18.628600"], ["updated_at", "2021-08-31 22:22:18.628600"]]
  [1m[35m (0.2ms)[0m  [1m[35mRELEASE SAVEPOINT active_record_1[0m
Started GET "/" for ::1 at 2021-08-31 17:22:25 -0500
Processing by GreetingsController#index as HTML
  Rendering greetings/index.html.erb within layouts/application
  Rendered greetings/_form.html.erb (Duration: 1.1ms | Allocations: 330)
  [1m[36mGreeting Load (0.4ms)[0m  [1m[34mSELECT "greetings".* FROM "greetings" ORDER BY "greetings"."created_at" DESC[0m
  ↳ app/views/greetings/index.html.erb:6
  Rendered greetings/index.html.erb within layouts/application (Duration: 5.6ms | Allocations: 1644)
[Webpacker] Everything's up-to-date. Nothing to do
Completed 200 OK in 19ms (Views: 17.7ms | ActiveRecord: 0.4ms | Allocations: 8713)


  [1m[35m (0.5ms)[0m  [1m[31mROLLBACK[0m
  [1m[35m (0.2ms)[0m  [1m[35mBEGIN[0m
  [1m[36mGreeting Create (0.5ms)[0m  [1m[32mINSERT INTO "greetings" ("name", "message", "created_at", "updated_at") VALUES ($1, $2, $3, $4) RETURNING "id"[0m  [["name", "Sam"], ["message", "What's up?"], ["created_at", "2021-08-31 22:24:51.213861"], ["updated_at", "2021-08-31 22:24:51.213861"]]
  [1m[35m (4.6ms)[0m  [1m[35mCOMMIT[0m
Started GET "/" for ::1 at 2021-08-31 17:25:02 -0500
Processing by GreetingsController#index as HTML
  Rendering greetings/index.html.erb within layouts/application
  Rendered greetings/_form.html.erb (Duration: 1.2ms | Allocations: 330)
  [1m[36mGreeting Load (0.7ms)[0m  [1m[34mSELECT "greetings".* FROM "greetings" ORDER BY "greetings"."created_at" DESC[0m
  ↳ app/views/greetings/index.html.erb:6
  Rendered greetings/index.html.erb within layouts/application (Duration: 10.4ms | Allocations: 1758)
[Webpacker] Everything's up-to-date. Nothing to do
Completed 200 OK in 29ms (Views: 27.0ms | ActiveRecord: 0.7ms | Allocations: 8843)


Started POST "/greetings" for ::1 at 2021-08-31 17:30:17 -0500
Processing by GreetingsController#create as HTML
  Parameters: {"authenticity_token"=>"UfoYytTgiNkR/Nn61YXtJl2iQkgGnKFW10vIyK5YQ34FD9Bh9k/PRRNd3oCiz6VgCnaZXss7PQQHEz+H1YGtrw==", "greeting"=>{"name"=>"", "message"=>""}, "commit"=>"Send!"}
Started GET "/" for ::1 at 2021-08-31 17:30:40 -0500
  Rendering greetings/new.html.erb within layouts/application
  Rendered greetings/_form.html.erb (Duration: 2.5ms | Allocations: 627)
  Rendered greetings/new.html.erb within layouts/application (Duration: 4.9ms | Allocations: 844)
[Webpacker] Everything's up-to-date. Nothing to do
Completed 200 OK in 32064ms (Views: 22.0ms | ActiveRecord: 0.0ms | Allocations: 38508)


Processing by GreetingsController#index as HTML
  Rendering greetings/index.html.erb within layouts/application
  Rendered greetings/_form.html.erb (Duration: 1.0ms | Allocations: 394)
  [1m[36mGreeting Load (1.0ms)[0m  [1m[34mSELECT "greetings".* FROM "greetings" ORDER BY "greetings"."created_at" DESC[0m
  ↳ app/views/greetings/index.html.erb:6
  Rendered greetings/index.html.erb within layouts/application (Duration: 17.7ms | Allocations: 4850)
[Webpacker] Everything's up-to-date. Nothing to do
Completed 200 OK in 34ms (Views: 23.6ms | ActiveRecord: 7.9ms | Allocations: 13006)


Started POST "/greetings" for ::1 at 2021-08-31 17:30:59 -0500
Processing by GreetingsController#create as HTML
  Parameters: {"authenticity_token"=>"MLYS1o8dapfkWbyY4h5IR0jTLLRt6t/uPQcWkeWtIQtkQ9p9rbItC+b4u+KVVAABHwf3oqBNQ7ztX+HennTP2g==", "greeting"=>{"name"=>"", "message"=>""}, "commit"=>"Send!"}
  Rendering greetings/new.html.erb within layouts/application
  Rendered greetings/_form.html.erb (Duration: 2.3ms | Allocations: 603)
  Rendered greetings/new.html.erb within layouts/application (Duration: 3.8ms | Allocations: 697)
[Webpacker] Everything's up-to-date. Nothing to do
Completed 200 OK in 21ms (Views: 16.9ms | ActiveRecord: 0.0ms | Allocations: 8912)


Started GET "/greetings" for ::1 at 2021-08-31 19:18:47 -0500
  [1m[35m (1.6ms)[0m  [1m[34mSELECT "schema_migrations"."version" FROM "schema_migrations" ORDER BY "schema_migrations"."version" ASC[0m
Processing by GreetingsController#index as HTML
  Rendering greetings/index.html.erb within layouts/application
  Rendered greetings/_form.html.erb (Duration: 6.5ms | Allocations: 1001)
  [1m[36mGreeting Load (1.5ms)[0m  [1m[34mSELECT "greetings".* FROM "greetings" ORDER BY "greetings"."created_at" DESC[0m
  ↳ app/views/greetings/index.html.erb:6
  Rendered greetings/index.html.erb within layouts/application (Duration: 38.0ms | Allocations: 6182)
[Webpacker] Everything's up-to-date. Nothing to do
Completed 200 OK in 193ms (Views: 168.9ms | ActiveRecord: 9.0ms | Allocations: 23990)


Started GET "/greetings" for ::1 at 2021-08-31 19:46:30 -0500
Processing by GreetingsController#index as HTML
  Rendering greetings/index.html.erb within layouts/application
  Rendered greetings/_form.html.erb (Duration: 2.3ms | Allocations: 653)
  [1m[36mGreeting Load (2.7ms)[0m  [1m[34mSELECT "greetings".* FROM "greetings" ORDER BY "greetings"."created_at" DESC[0m
  ↳ app/views/greetings/index.html.erb:6
  Rendered greetings/index.html.erb within layouts/application (Duration: 19.6ms | Allocations: 2502)
[Webpacker] Everything's up-to-date. Nothing to do
Completed 200 OK in 41ms (Views: 35.1ms | ActiveRecord: 2.7ms | Allocations: 10527)


Started GET "/greetings" for ::1 at 2021-08-31 20:03:30 -0500
Processing by GreetingsController#index as HTML
  Rendering greetings/index.html.erb within layouts/application
  [1m[36mGreeting Load (2.5ms)[0m  [1m[34mSELECT "greetings".* FROM "greetings" ORDER BY "greetings"."created_at" DESC[0m
  ↳ app/views/greetings/index.html.erb:6
  Rendered greetings/index.html.erb within layouts/application (Duration: 22.7ms | Allocations: 1609)
[Webpacker] Everything's up-to-date. Nothing to do
Completed 200 OK in 65ms (Views: 57.8ms | ActiveRecord: 2.5ms | Allocations: 9623)


Started GET "/greetings" for ::1 at 2021-08-31 20:04:02 -0500
Processing by GreetingsController#index as HTML
  Rendering greetings/index.html.erb within layouts/application
  Rendered greetings/_form.html.erb (Duration: 1.2ms | Allocations: 653)
  [1m[36mGreeting Load (0.5ms)[0m  [1m[34mSELECT "greetings".* FROM "greetings" ORDER BY "greetings"."created_at" DESC[0m
  ↳ app/views/greetings/index.html.erb:6
  Rendered greetings/index.html.erb within layouts/application (Duration: 8.5ms | Allocations: 2428)
[Webpacker] Everything's up-to-date. Nothing to do
Completed 200 OK in 50ms (Views: 47.9ms | ActiveRecord: 0.5ms | Allocations: 10439)


Started POST "/greetings" for ::1 at 2021-08-31 20:09:20 -0500
Processing by GreetingsController#create as HTML
  Parameters: {"authenticity_token"=>"3TIZWpPNmK62D712lLEEDCsWN5QqpoEvKhqIpC39wdqJx9HxsWLfMrSuugzj+0xKfMLsgucBHX36Qn/rViQvCw==", "greeting"=>{"name"=>"Santi", "message"=>"I have a baby!!!"}, "commit"=>"Send!"}
  [1m[35m (0.2ms)[0m  [1m[35mBEGIN[0m
  ↳ app/controllers/greetings_controller.rb:30:in `block in create'
  [1m[36mGreeting Create (2.2ms)[0m  [1m[32mINSERT INTO "greetings" ("name", "message", "created_at", "updated_at") VALUES ($1, $2, $3, $4) RETURNING "id"[0m  [["name", "Santi"], ["message", "I have a baby!!!"], ["created_at", "2021-09-01 01:09:20.450401"], ["updated_at", "2021-09-01 01:09:20.450401"]]
  ↳ app/controllers/greetings_controller.rb:30:in `block in create'
  [1m[35m (0.7ms)[0m  [1m[35mCOMMIT[0m
  ↳ app/controllers/greetings_controller.rb:30:in `block in create'
Redirected to http://localhost:3000/
Completed 302 Found in 41ms (ActiveRecord: 10.1ms | Allocations: 6981)


Started GET "/" for ::1 at 2021-08-31 20:09:20 -0500
Processing by GreetingsController#index as HTML
  Rendering greetings/index.html.erb within layouts/application
  Rendered greetings/_form.html.erb (Duration: 1.2ms | Allocations: 388)
  [1m[36mGreeting Load (2.3ms)[0m  [1m[34mSELECT "greetings".* FROM "greetings" ORDER BY "greetings"."created_at" DESC[0m
  ↳ app/views/greetings/index.html.erb:6
  Rendered greetings/index.html.erb within layouts/application (Duration: 14.6ms | Allocations: 1948)
[Webpacker] Everything's up-to-date. Nothing to do
Completed 200 OK in 38ms (Views: 33.4ms | ActiveRecord: 2.3ms | Allocations: 9205)


Started GET "/" for ::1 at 2021-08-31 20:09:54 -0500
Processing by GreetingsController#index as HTML
Completed 500 Internal Server Error in 2ms (ActiveRecord: 0.0ms | Allocations: 1086)


  
ArgumentError (The method .order() must contain arguments.):
  
app/controllers/greetings_controller.rb:7:in `index'
Started GET "/" for ::1 at 2021-08-31 20:10:10 -0500
Processing by GreetingsController#index as HTML
  Rendering greetings/index.html.erb within layouts/application
  Rendered greetings/_form.html.erb (Duration: 1.4ms | Allocations: 394)
  [1m[36mGreeting Load (0.6ms)[0m  [1m[34mSELECT "greetings".* FROM "greetings" ORDER BY "greetings"."created_at" ASC[0m
  ↳ app/views/greetings/index.html.erb:6
  Rendered greetings/index.html.erb within layouts/application (Duration: 34.1ms | Allocations: 4914)
[Webpacker] Everything's up-to-date. Nothing to do
Completed 200 OK in 74ms (Views: 53.3ms | ActiveRecord: 14.5ms | Allocations: 12976)


Started GET "/" for ::1 at 2021-08-31 20:11:18 -0500
Processing by GreetingsController#index as HTML
  Rendering greetings/index.html.erb within layouts/application
  Rendered greetings/_form.html.erb (Duration: 1.4ms | Allocations: 394)
  [1m[36mGreeting Load (0.4ms)[0m  [1m[34mSELECT "greetings".* FROM "greetings" ORDER BY "greetings"."created_at" DESC[0m
  ↳ app/views/greetings/index.html.erb:6
  Rendered greetings/index.html.erb within layouts/application (Duration: 25.0ms | Allocations: 4883)
[Webpacker] Everything's up-to-date. Nothing to do
Completed 200 OK in 52ms (Views: 40.6ms | ActiveRecord: 5.5ms | Allocations: 12908)


Started POST "/greetings" for ::1 at 2021-08-31 20:11:52 -0500
Processing by GreetingsController#create as HTML
  Parameters: {"authenticity_token"=>"lSSNv8oUo0MaqBlJZrc2msCtZ46mBCfW1qSGJxnVagXB0UUU6Lvk3xgJHjMR/X7cl3m8mGuju4QG/HFoYgyE1A==", "greeting"=>{"name"=>"Flor", "message"=>"I am grandmother!!!"}, "commit"=>"Send!"}
  [1m[35m (0.9ms)[0m  [1m[35mBEGIN[0m
  ↳ app/controllers/greetings_controller.rb:30:in `block in create'
  [1m[36mGreeting Create (0.6ms)[0m  [1m[32mINSERT INTO "greetings" ("name", "message", "created_at", "updated_at") VALUES ($1, $2, $3, $4) RETURNING "id"[0m  [["name", "Flor"], ["message", "I am grandmother!!!"], ["created_at", "2021-09-01 01:11:52.453642"], ["updated_at", "2021-09-01 01:11:52.453642"]]
  ↳ app/controllers/greetings_controller.rb:30:in `block in create'
  [1m[35m (5.4ms)[0m  [1m[35mCOMMIT[0m
  ↳ app/controllers/greetings_controller.rb:30:in `block in create'
Redirected to http://localhost:3000/
Completed 302 Found in 61ms (ActiveRecord: 6.9ms | Allocations: 2883)


Started GET "/" for ::1 at 2021-08-31 20:11:52 -0500
Processing by GreetingsController#index as HTML
  Rendering greetings/index.html.erb within layouts/application
  Rendered greetings/_form.html.erb (Duration: 1.3ms | Allocations: 330)
  [1m[36mGreeting Load (3.0ms)[0m  [1m[34mSELECT "greetings".* FROM "greetings" ORDER BY "greetings"."created_at" DESC[0m
  ↳ app/views/greetings/index.html.erb:6
  Rendered greetings/index.html.erb within layouts/application (Duration: 18.2ms | Allocations: 1988)
[Webpacker] Everything's up-to-date. Nothing to do
Completed 200 OK in 40ms (Views: 33.0ms | ActiveRecord: 3.0ms | Allocations: 9082)


  [1m[35m (3.2ms)[0m  [1m[35mCREATE DATABASE "guesto_development" ENCODING = 'unicode'[0m
  [1m[35m (1.2ms)[0m  [1m[35mCREATE DATABASE "guesto_test" ENCODING = 'unicode'[0m
  [1m[35m (0.6ms)[0m  [1m[34mSELECT "schema_migrations"."version" FROM "schema_migrations" ORDER BY "schema_migrations"."version" ASC[0m
  [1m[35m (2.8ms)[0m  [1m[34mSELECT "ar_internal_metadata"."value" FROM "ar_internal_metadata" WHERE "ar_internal_metadata"."key" = $1[0m  [["key", "environment"]]
  [1m[35m (0.2ms)[0m  [1m[34mSELECT "schema_migrations"."version" FROM "schema_migrations" ORDER BY "schema_migrations"."version" ASC[0m
  [1m[35m (0.3ms)[0m  [1m[34mSELECT "ar_internal_metadata"."value" FROM "ar_internal_metadata" WHERE "ar_internal_metadata"."key" = $1[0m  [["key", "environment"]]
  [1m[35m (0.2ms)[0m  [1m[34mSELECT "schema_migrations"."version" FROM "schema_migrations" ORDER BY "schema_migrations"."version" ASC[0m
  [1m[35m (0.3ms)[0m  [1m[34mSELECT "ar_internal_metadata"."value" FROM "ar_internal_metadata" WHERE "ar_internal_metadata"."key" = $1[0m  [["key", "environment"]]
  [1m[35mSQL (1.5ms)[0m  [1m[35mCREATE EXTENSION IF NOT EXISTS "plpgsql"[0m
  [1m[35m (17.8ms)[0m  [1m[35mDROP TABLE IF EXISTS "greetings" CASCADE[0m
  [1m[35m (28.3ms)[0m  [1m[35mCREATE TABLE "greetings" ("id" bigserial primary key, "name" character varying, "message" text, "created_at" timestamp(6) NOT NULL, "updated_at" timestamp(6) NOT NULL)[0m
  [1m[35m (1.3ms)[0m  [1m[34mSELECT "schema_migrations"."version" FROM "schema_migrations" ORDER BY "schema_migrations"."version" ASC[0m
  [1m[36mActiveRecord::InternalMetadata Load (0.7ms)[0m  [1m[34mSELECT "ar_internal_metadata".* FROM "ar_internal_metadata" WHERE "ar_internal_metadata"."key" = $1 LIMIT $2[0m  [["key", "environment"], ["LIMIT", 1]]
  [1m[36mActiveRecord::InternalMetadata Load (0.3ms)[0m  [1m[34mSELECT "ar_internal_metadata".* FROM "ar_internal_metadata" WHERE "ar_internal_metadata"."key" = $1 LIMIT $2[0m  [["key", "environment"], ["LIMIT", 1]]
  [1m[36mActiveRecord::InternalMetadata Load (0.3ms)[0m  [1m[34mSELECT "ar_internal_metadata".* FROM "ar_internal_metadata" WHERE "ar_internal_metadata"."key" = $1 LIMIT $2[0m  [["key", "schema_sha1"], ["LIMIT", 1]]
  [1m[35mSQL (1.9ms)[0m  [1m[35mCREATE EXTENSION IF NOT EXISTS "plpgsql"[0m
  [1m[35m (20.3ms)[0m  [1m[35mDROP TABLE IF EXISTS "greetings" CASCADE[0m
  [1m[35m (25.6ms)[0m  [1m[35mCREATE TABLE "greetings" ("id" bigserial primary key, "name" character varying, "message" text, "created_at" timestamp(6) NOT NULL, "updated_at" timestamp(6) NOT NULL)[0m
  [1m[35m (2.3ms)[0m  [1m[34mSELECT "schema_migrations"."version" FROM "schema_migrations" ORDER BY "schema_migrations"."version" ASC[0m
  [1m[36mActiveRecord::InternalMetadata Load (1.6ms)[0m  [1m[34mSELECT "ar_internal_metadata".* FROM "ar_internal_metadata" WHERE "ar_internal_metadata"."key" = $1 LIMIT $2[0m  [["key", "environment"], ["LIMIT", 1]]
  [1m[35m (0.4ms)[0m  [1m[35mBEGIN[0m
  [1m[36mActiveRecord::InternalMetadata Update (1.0ms)[0m  [1m[33mUPDATE "ar_internal_metadata" SET "value" = $1, "updated_at" = $2 WHERE "ar_internal_metadata"."key" = $3[0m  [["value", "development"], ["updated_at", "2021-09-01 03:15:35.411319"], ["key", "environment"]]
  [1m[35m (1.2ms)[0m  [1m[35mCOMMIT[0m
  [1m[36mActiveRecord::InternalMetadata Load (0.6ms)[0m  [1m[34mSELECT "ar_internal_metadata".* FROM "ar_internal_metadata" WHERE "ar_internal_metadata"."key" = $1 LIMIT $2[0m  [["key", "environment"], ["LIMIT", 1]]
  [1m[35m (0.4ms)[0m  [1m[35mBEGIN[0m
  [1m[36mActiveRecord::InternalMetadata Update (0.6ms)[0m  [1m[33mUPDATE "ar_internal_metadata" SET "value" = $1, "updated_at" = $2 WHERE "ar_internal_metadata"."key" = $3[0m  [["value", "test"], ["updated_at", "2021-09-01 03:15:35.429381"], ["key", "environment"]]
  [1m[35m (1.9ms)[0m  [1m[35mCOMMIT[0m
  [1m[36mActiveRecord::InternalMetadata Load (0.5ms)[0m  [1m[34mSELECT "ar_internal_metadata".* FROM "ar_internal_metadata" WHERE "ar_internal_metadata"."key" = $1 LIMIT $2[0m  [["key", "schema_sha1"], ["LIMIT", 1]]
  [1m[35m (0.5ms)[0m  [1m[34mSELECT "schema_migrations"."version" FROM "schema_migrations" ORDER BY "schema_migrations"."version" ASC[0m
Started GET "/" for ::1 at 2021-08-31 22:15:44 -0500
  [1m[35m (0.7ms)[0m  [1m[34mSELECT "schema_migrations"."version" FROM "schema_migrations" ORDER BY "schema_migrations"."version" ASC[0m
Processing by GreetingsController#index as HTML
  Rendering greetings/index.html.erb within layouts/application
  Rendered greetings/_form.html.erb (Duration: 3.5ms | Allocations: 1001)
  [1m[36mGreeting Load (0.7ms)[0m  [1m[34mSELECT "greetings".* FROM "greetings" ORDER BY "greetings"."created_at" DESC[0m
  ↳ app/views/greetings/index.html.erb:6
  Rendered greetings/index.html.erb within layouts/application (Duration: 24.0ms | Allocations: 5455)
[Webpacker] Everything's up-to-date. Nothing to do
Completed 200 OK in 127ms (Views: 105.0ms | ActiveRecord: 4.8ms | Allocations: 23265)


Started POST "/greetings" for ::1 at 2021-08-31 22:16:01 -0500
Processing by GreetingsController#create as HTML
  Parameters: {"authenticity_token"=>"ifwc4HDqFzTTl/fc6lyAVCjOhk72PQ9qACKVYtUfMovdCdRLUkVQqNE28KadFsgSfxpdWDuakzjQemItrsbcWg==", "greeting"=>{"name"=>"walter", "message"=>"Hi"}, "commit"=>"Send!"}
  [1m[35m (0.2ms)[0m  [1m[35mBEGIN[0m
  ↳ app/controllers/greetings_controller.rb:30:in `block in create'
  [1m[36mGreeting Create (0.6ms)[0m  [1m[32mINSERT INTO "greetings" ("name", "message", "created_at", "updated_at") VALUES ($1, $2, $3, $4) RETURNING "id"[0m  [["name", "walter"], ["message", "Hi"], ["created_at", "2021-09-01 03:16:01.947809"], ["updated_at", "2021-09-01 03:16:01.947809"]]
  ↳ app/controllers/greetings_controller.rb:30:in `block in create'
  [1m[35m (0.7ms)[0m  [1m[35mCOMMIT[0m
  ↳ app/controllers/greetings_controller.rb:30:in `block in create'
Redirected to http://localhost:3000/
Completed 302 Found in 10ms (ActiveRecord: 1.6ms | Allocations: 3098)


Started GET "/" for ::1 at 2021-08-31 22:16:01 -0500
Processing by GreetingsController#index as HTML
  Rendering greetings/index.html.erb within layouts/application
  Rendered greetings/_form.html.erb (Duration: 0.9ms | Allocations: 336)
  [1m[36mGreeting Load (0.6ms)[0m  [1m[34mSELECT "greetings".* FROM "greetings" ORDER BY "greetings"."created_at" DESC[0m
  ↳ app/views/greetings/index.html.erb:6
  Rendered greetings/index.html.erb within layouts/application (Duration: 9.3ms | Allocations: 1224)
[Webpacker] Everything's up-to-date. Nothing to do
Completed 200 OK in 34ms (Views: 32.9ms | ActiveRecord: 0.6ms | Allocations: 8316)


Started GET "/" for ::1 at 2021-09-01 17:03:29 -0500
  [1m[35m (3.9ms)[0m  [1m[34mSELECT "schema_migrations"."version" FROM "schema_migrations" ORDER BY "schema_migrations"."version" ASC[0m
Processing by GreetingsController#index as HTML
  Rendering greetings/index.html.erb within layouts/application
  Rendered greetings/_form.html.erb (Duration: 5.8ms | Allocations: 1001)
  [1m[36mGreeting Load (1.4ms)[0m  [1m[34mSELECT "greetings".* FROM "greetings" ORDER BY "greetings"."created_at" DESC[0m
  ↳ app/views/greetings/index.html.erb:6
  Rendered greetings/index.html.erb within layouts/application (Duration: 31.7ms | Allocations: 5604)
[Webpacker] Everything's up-to-date. Nothing to do
Completed 200 OK in 172ms (Views: 147.7ms | ActiveRecord: 9.1ms | Allocations: 23413)


Started POST "/greetings" for ::1 at 2021-09-01 17:03:49 -0500
Processing by GreetingsController#create as HTML
  Parameters: {"authenticity_token"=>"AVkB7jnYommzeckFHGFX9z+wbGqMLvrPkKwrkwhCZmFVrMlFG3fl9bHYzn9rKx+xaGS3fEGJZp1A9Nzcc5uIsA==", "greeting"=>{"name"=>"Putri", "message"=>"Hola niño!!\r\n"}, "commit"=>"Send!"}
  [1m[35m (0.3ms)[0m  [1m[35mBEGIN[0m
  ↳ app/controllers/greetings_controller.rb:30:in `block in create'
  [1m[36mGreeting Create (2.0ms)[0m  [1m[32mINSERT INTO "greetings" ("name", "message", "created_at", "updated_at") VALUES ($1, $2, $3, $4) RETURNING "id"[0m  [["name", "Putri"], ["message", "Hola niño!!\r\n"], ["created_at", "2021-09-01 22:03:49.584034"], ["updated_at", "2021-09-01 22:03:49.584034"]]
  ↳ app/controllers/greetings_controller.rb:30:in `block in create'
  [1m[35m (3.8ms)[0m  [1m[35mCOMMIT[0m
  ↳ app/controllers/greetings_controller.rb:30:in `block in create'
Redirected to http://localhost:3000/
Completed 302 Found in 15ms (ActiveRecord: 6.0ms | Allocations: 3123)


Started GET "/" for ::1 at 2021-09-01 17:03:49 -0500
Processing by GreetingsController#index as HTML
  Rendering greetings/index.html.erb within layouts/application
  Rendered greetings/_form.html.erb (Duration: 0.8ms | Allocations: 336)
  [1m[36mGreeting Load (0.3ms)[0m  [1m[34mSELECT "greetings".* FROM "greetings" ORDER BY "greetings"."created_at" DESC[0m
  ↳ app/views/greetings/index.html.erb:6
  Rendered greetings/index.html.erb within layouts/application (Duration: 13.4ms | Allocations: 1330)
[Webpacker] Everything's up-to-date. Nothing to do
Completed 200 OK in 42ms (Views: 40.7ms | ActiveRecord: 0.3ms | Allocations: 8435)


Started GET "/" for ::1 at 2021-09-01 18:34:19 -0500
  [1m[35m (0.5ms)[0m  [1m[34mSELECT "schema_migrations"."version" FROM "schema_migrations" ORDER BY "schema_migrations"."version" ASC[0m
Processing by GreetingsController#index as HTML
  Rendering greetings/index.html.erb within layouts/application
  Rendered greetings/_form.html.erb (Duration: 6.0ms | Allocations: 1001)
  [1m[36mGreeting Load (0.8ms)[0m  [1m[34mSELECT "greetings".* FROM "greetings" ORDER BY "greetings"."created_at" DESC[0m
  ↳ app/views/greetings/index.html.erb:6
  Rendered greetings/index.html.erb within layouts/application (Duration: 45.6ms | Allocations: 5741)
[Webpacker] Everything's up-to-date. Nothing to do
Completed 200 OK in 130ms (Views: 111.8ms | ActiveRecord: 5.6ms | Allocations: 23550)


Started GET "/" for ::1 at 2021-09-01 18:53:49 -0500
  [1m[35m (1.8ms)[0m  [1m[34mSELECT "schema_migrations"."version" FROM "schema_migrations" ORDER BY "schema_migrations"."version" ASC[0m
Processing by GreetingsController#index as HTML
  Rendering greetings/index.html.erb within layouts/application
  Rendered greetings/_form.html.erb (Duration: 5.3ms | Allocations: 1001)
  [1m[36mGreeting Load (0.9ms)[0m  [1m[34mSELECT "greetings".* FROM "greetings" ORDER BY "greetings"."created_at" DESC[0m
  ↳ app/views/greetings/index.html.erb:6
  Rendered greetings/index.html.erb within layouts/application (Duration: 32.0ms | Allocations: 5741)
[Webpacker] Everything's up-to-date. Nothing to do
Completed 200 OK in 139ms (Views: 120.2ms | ActiveRecord: 6.0ms | Allocations: 23558)


Started GET "/" for ::1 at 2021-09-01 19:48:57 -0500
  [1m[35m (0.9ms)[0m  [1m[34mSELECT "schema_migrations"."version" FROM "schema_migrations" ORDER BY "schema_migrations"."version" ASC[0m
Processing by GreetingsController#index as HTML
  Rendering greetings/index.html.erb within layouts/application
  Rendered greetings/_form.html.erb (Duration: 4.9ms | Allocations: 1001)
  [1m[36mGreeting Load (0.8ms)[0m  [1m[34mSELECT "greetings".* FROM "greetings" ORDER BY "greetings"."created_at" DESC[0m
  ↳ app/views/greetings/index.html.erb:6
  Rendered greetings/index.html.erb within layouts/application (Duration: 31.9ms | Allocations: 5741)
[Webpacker] Everything's up-to-date. Nothing to do
Completed 200 OK in 118ms (Views: 98.9ms | ActiveRecord: 5.8ms | Allocations: 23552)


Started GET "/" for ::1 at 2021-09-01 19:49:00 -0500
Processing by GreetingsController#index as HTML
  Rendering greetings/index.html.erb within layouts/application
  Rendered greetings/_form.html.erb (Duration: 1.3ms | Allocations: 336)
  [1m[36mGreeting Load (0.6ms)[0m  [1m[34mSELECT "greetings".* FROM "greetings" ORDER BY "greetings"."created_at" DESC[0m
  ↳ app/views/greetings/index.html.erb:6
  Rendered greetings/index.html.erb within layouts/application (Duration: 5.9ms | Allocations: 1320)
[Webpacker] Everything's up-to-date. Nothing to do
Completed 200 OK in 20ms (Views: 18.3ms | ActiveRecord: 0.6ms | Allocations: 8411)


